#
# There is insufficient memory for the Java Runtime Environment to continue.
# Native memory allocation (malloc) failed to allocate 324848 bytes for Chunk::new
# Possible reasons:
#   The system is out of physical RAM or swap space
#   In 32 bit mode, the process size limit was hit
# Possible solutions:
#   Reduce memory load on the system
#   Increase physical memory or swap space
#   Check if swap backing store is full
#   Use 64 bit Java on a 64 bit OS
#   Decrease Java heap size (-Xmx/-Xms)
#   Decrease number of Java threads
#   Decrease Java thread stack sizes (-Xss)
#   Set larger code cache with -XX:ReservedCodeCacheSize=
# This output file may be truncated or incomplete.
#
#  Out of Memory Error (allocation.cpp:390), pid=4504, tid=4384
#
# JRE version: Java(TM) SE Runtime Environment (8.0_25-b18) (build 1.8.0_25-b18)
# Java VM: Java HotSpot(TM) 64-Bit Server VM (25.25-b02 mixed mode windows-amd64 compressed oops)
# Failed to write core dump. Minidumps are not enabled by default on client versions of Windows
#

---------------  T H R E A D  ---------------

Current thread (0x00000000178d2000):  JavaThread "C2 CompilerThread1" daemon [_thread_in_native, id=4384, stack(0x0000000019310000,0x0000000019410000)]

Stack: [0x0000000019310000,0x0000000019410000]
Native frames: (J=compiled Java code, j=interpreted, Vv=VM code, C=native code)
V  [jvm.dll+0x31667a]


Current CompileTask:
C2:   5254 3559   !   4       org.springframework.core.annotation.AnnotatedElementUtils::searchWithFindSemantics (773 bytes)


---------------  P R O C E S S  ---------------

Java Threads: ( => current thread )
  0x000000001d614800 JavaThread "Abandoned connection cleanup thread" daemon [_thread_blocked, id=6352, stack(0x000000001eeb0000,0x000000001efb0000)]
  0x0000000019940000 JavaThread "container-0" [_thread_blocked, id=9300, stack(0x000000001edb0000,0x000000001eeb0000)]
  0x0000000019a7c800 JavaThread "ContainerBackgroundProcessor[StandardEngine[Tomcat]]" daemon [_thread_blocked, id=9164, stack(0x000000001ecb0000,0x000000001edb0000)]
  0x000000001c9b8000 JavaThread "localhost-startStop-1" daemon [_thread_blocked, id=11916, stack(0x000000001ea80000,0x000000001eb80000)]
  0x000000001afbc000 JavaThread "Tomcat-startStop-1" daemon [_thread_blocked, id=10616, stack(0x000000001e780000,0x000000001e880000)]
  0x0000000019936000 JavaThread "ReaderThread" [_thread_in_native, id=7476, stack(0x0000000019f10000,0x000000001a010000)]
  0x000000001790e000 JavaThread "Service Thread" daemon [_thread_blocked, id=11588, stack(0x0000000019510000,0x0000000019610000)]
  0x00000000178e8000 JavaThread "C1 CompilerThread2" daemon [_thread_blocked, id=13988, stack(0x0000000019410000,0x0000000019510000)]
=>0x00000000178d2000 JavaThread "C2 CompilerThread1" daemon [_thread_in_native, id=4384, stack(0x0000000019310000,0x0000000019410000)]
  0x00000000178cf000 JavaThread "C2 CompilerThread0" daemon [_thread_in_native, id=9516, stack(0x0000000019210000,0x0000000019310000)]
  0x00000000178ce000 JavaThread "Attach Listener" daemon [_thread_blocked, id=4640, stack(0x0000000019110000,0x0000000019210000)]
  0x0000000018c52800 JavaThread "Signal Dispatcher" daemon [_thread_blocked, id=940, stack(0x0000000019010000,0x0000000019110000)]
  0x0000000017877800 JavaThread "Finalizer" daemon [_thread_blocked, id=5432, stack(0x0000000018b10000,0x0000000018c10000)]
  0x0000000002d74000 JavaThread "Reference Handler" daemon [_thread_blocked, id=14112, stack(0x0000000018a10000,0x0000000018b10000)]
  0x0000000002c86000 JavaThread "main" [_thread_in_Java, id=5696, stack(0x0000000002b80000,0x0000000002c80000)]

Other Threads:
  0x0000000017876800 VMThread [stack: 0x0000000018910000,0x0000000018a10000] [id=1124]
  0x0000000018caf800 WatcherThread [stack: 0x0000000019610000,0x0000000019710000] [id=1668]

VM state:not at safepoint (normal execution)

VM Mutex/Monitor currently owned by a thread: None

Heap:
 PSYoungGen      total 145408K, used 87585K [0x00000000d5f00000, 0x00000000e0b00000, 0x0000000100000000)
  eden space 133120K, 65% used [0x00000000d5f00000,0x00000000db488460,0x00000000de100000)
  from space 12288K, 0% used [0x00000000dff00000,0x00000000dff00000,0x00000000e0b00000)
  to   space 5120K, 0% used [0x00000000de100000,0x00000000de100000,0x00000000de600000)
 ParOldGen       total 66560K, used 17949K [0x0000000081c00000, 0x0000000085d00000, 0x00000000d5f00000)
  object space 66560K, 26% used [0x0000000081c00000,0x0000000082d876d8,0x0000000085d00000)
 Metaspace       used 35893K, capacity 37322K, committed 37592K, reserved 1081344K
  class space    used 4623K, capacity 4863K, committed 4864K, reserved 1048576K

Card table byte_map: [0x0000000012140000,0x0000000012540000] byte_map_base: 0x0000000011d32000

Marking Bits: (ParMarkBitMap*) 0x000000005a28d490
 Begin Bits: [0x0000000012bf0000, 0x0000000014b80000)
 End Bits:   [0x0000000014b80000, 0x0000000016b10000)

Polling page: 0x0000000000950000

CodeCache: size=245760Kb used=12743Kb max_used=12950Kb free=233016Kb
 bounds [0x0000000002d80000, 0x0000000003a30000, 0x0000000011d80000]
 total_blobs=4027 nmethods=3619 adapters=321
 compilation: enabled

Compilation events (10 events):
Event: 5.235 Thread 0x00000000178e8000 3669       3       java.util.Spliterators::spliteratorUnknownSize (16 bytes)
Event: 5.235 Thread 0x00000000178e8000 nmethod 3669 0x0000000003a2b810 code [0x0000000003a2b9a0, 0x0000000003a2bd68]
Event: 5.236 Thread 0x00000000178e8000 3675       1       sun.util.calendar.CalendarDate::setTimeOfDay (6 bytes)
Event: 5.237 Thread 0x00000000178e8000 nmethod 3675 0x0000000003a2bf10 code [0x0000000003a2c060, 0x0000000003a2c170]
Event: 5.245 Thread 0x00000000178e8000 3676   !   2       ch.qos.logback.classic.LoggerContext::getLogger (164 bytes)
Event: 5.246 Thread 0x00000000178e8000 nmethod 3676 0x0000000003a2c1d0 code [0x0000000003a2c3a0, 0x0000000003a2c9b8]
Event: 5.246 Thread 0x00000000178e8000 3677       2       org.apache.logging.log4j.spi.AbstractLogger::narrow (21 bytes)
Event: 5.246 Thread 0x00000000178e8000 nmethod 3677 0x0000000002ea1850 code [0x0000000002ea19c0, 0x0000000002ea1c08]
Event: 5.247 Thread 0x00000000178e8000 3678       2       org.springframework.beans.factory.config.InstantiationAwareBeanPostProcessorAdapter::postProcessAfterInstantiation (2 bytes)
Event: 5.247 Thread 0x00000000178e8000 nmethod 3678 0x0000000002edc910 code [0x0000000002edca60, 0x0000000002edcbb0]

GC Heap History (10 events):
Event: 1.980 GC heap before
{Heap before GC invocations=4 (full 1):
 PSYoungGen      total 71680K, used 5114K [0x00000000d5f00000, 0x00000000deb00000, 0x0000000100000000)
  eden space 66560K, 0% used [0x00000000d5f00000,0x00000000d5f00000,0x00000000da000000)
  from space 5120K, 99% used [0x00000000da000000,0x00000000da4fe8f8,0x00000000da500000)
  to   space 5120K, 0% used [0x00000000de600000,0x00000000de600000,0x00000000deb00000)
 ParOldGen       total 87552K, used 6968K [0x0000000081c00000, 0x0000000087180000, 0x00000000d5f00000)
  object space 87552K, 7% used [0x0000000081c00000,0x00000000822ce278,0x0000000087180000)
 Metaspace       used 20520K, capacity 21142K, committed 21248K, reserved 1067008K
  class space    used 2659K, capacity 2803K, committed 2816K, reserved 1048576K
Event: 2.012 GC heap after
Heap after GC invocations=4 (full 1):
 PSYoungGen      total 71680K, used 0K [0x00000000d5f00000, 0x00000000deb00000, 0x0000000100000000)
  eden space 66560K, 0% used [0x00000000d5f00000,0x00000000d5f00000,0x00000000da000000)
  from space 5120K, 0% used [0x00000000da000000,0x00000000da000000,0x00000000da500000)
  to   space 5120K, 0% used [0x00000000de600000,0x00000000de600000,0x00000000deb00000)
 ParOldGen       total 66560K, used 10727K [0x0000000081c00000, 0x0000000085d00000, 0x00000000d5f00000)
  object space 66560K, 16% used [0x0000000081c00000,0x0000000082679d08,0x0000000085d00000)
 Metaspace       used 20519K, capacity 21140K, committed 21248K, reserved 1067008K
  class space    used 2658K, capacity 2802K, committed 2816K, reserved 1048576K
}
Event: 2.615 GC heap before
{Heap before GC invocations=5 (full 1):
 PSYoungGen      total 71680K, used 66522K [0x00000000d5f00000, 0x00000000deb00000, 0x0000000100000000)
  eden space 66560K, 99% used [0x00000000d5f00000,0x00000000d9ff6a98,0x00000000da000000)
  from space 5120K, 0% used [0x00000000da000000,0x00000000da000000,0x00000000da500000)
  to   space 5120K, 0% used [0x00000000de600000,0x00000000de600000,0x00000000deb00000)
 ParOldGen       total 66560K, used 10727K [0x0000000081c00000, 0x0000000085d00000, 0x00000000d5f00000)
  object space 66560K, 16% used [0x0000000081c00000,0x0000000082679d08,0x0000000085d00000)
 Metaspace       used 25382K, capacity 26166K, committed 26496K, reserved 1073152K
  class space    used 3263K, capacity 3415K, committed 3456K, reserved 1048576K
Event: 2.625 GC heap after
Heap after GC invocations=5 (full 1):
 PSYoungGen      total 106496K, used 5100K [0x00000000d5f00000, 0x00000000deb00000, 0x0000000100000000)
  eden space 101376K, 0% used [0x00000000d5f00000,0x00000000d5f00000,0x00000000dc200000)
  from space 5120K, 99% used [0x00000000de600000,0x00000000deafb358,0x00000000deb00000)
  to   space 5120K, 0% used [0x00000000de100000,0x00000000de100000,0x00000000de600000)
 ParOldGen       total 66560K, used 11666K [0x0000000081c00000, 0x0000000085d00000, 0x00000000d5f00000)
  object space 66560K, 17% used [0x0000000081c00000,0x0000000082764818,0x0000000085d00000)
 Metaspace       used 25382K, capacity 26166K, committed 26496K, reserved 1073152K
  class space    used 3263K, capacity 3415K, committed 3456K, reserved 1048576K
}
Event: 3.625 GC heap before
{Heap before GC invocations=6 (full 1):
 PSYoungGen      total 106496K, used 106476K [0x00000000d5f00000, 0x00000000deb00000, 0x0000000100000000)
  eden space 101376K, 100% used [0x00000000d5f00000,0x00000000dc200000,0x00000000dc200000)
  from space 5120K, 99% used [0x00000000de600000,0x00000000deafb358,0x00000000deb00000)
  to   space 5120K, 0% used [0x00000000de100000,0x00000000de100000,0x00000000de600000)
 ParOldGen       total 66560K, used 11666K [0x0000000081c00000, 0x0000000085d00000, 0x00000000d5f00000)
  object space 66560K, 17% used [0x0000000081c00000,0x0000000082764818,0x0000000085d00000)
 Metaspace       used 30389K, capacity 31458K, committed 31616K, reserved 1077248K
  class space    used 3964K, capacity 4169K, committed 4224K, reserved 1048576K
Event: 3.635 GC heap after
Heap after GC invocations=6 (full 1):
 PSYoungGen      total 138240K, used 5097K [0x00000000d5f00000, 0x00000000e0b00000, 0x0000000100000000)
  eden space 133120K, 0% used [0x00000000d5f00000,0x00000000d5f00000,0x00000000de100000)
  from space 5120K, 99% used [0x00000000de100000,0x00000000de5fa718,0x00000000de600000)
  to   space 12288K, 0% used [0x00000000dff00000,0x00000000dff00000,0x00000000e0b00000)
 ParOldGen       total 66560K, used 16394K [0x0000000081c00000, 0x0000000085d00000, 0x00000000d5f00000)
  object space 66560K, 24% used [0x0000000081c00000,0x0000000082c02ba8,0x0000000085d00000)
 Metaspace       used 30389K, capacity 31458K, committed 31616K, reserved 1077248K
  class space    used 3964K, capacity 4169K, committed 4224K, reserved 1048576K
}
Event: 4.539 GC heap before
{Heap before GC invocations=7 (full 1):
 PSYoungGen      total 138240K, used 60921K [0x00000000d5f00000, 0x00000000e0b00000, 0x0000000100000000)
  eden space 133120K, 41% used [0x00000000d5f00000,0x00000000d9583df0,0x00000000de100000)
  from space 5120K, 99% used [0x00000000de100000,0x00000000de5fa718,0x00000000de600000)
  to   space 12288K, 0% used [0x00000000dff00000,0x00000000dff00000,0x00000000e0b00000)
 ParOldGen       total 66560K, used 16394K [0x0000000081c00000, 0x0000000085d00000, 0x00000000d5f00000)
  object space 66560K, 24% used [0x0000000081c00000,0x0000000082c02ba8,0x0000000085d00000)
 Metaspace       used 33979K, capacity 35324K, committed 35416K, reserved 1079296K
  class space    used 4431K, capacity 4692K, committed 4736K, reserved 1048576K
Event: 4.554 GC heap after
Heap after GC invocations=7 (full 1):
 PSYoungGen      total 145408K, used 12277K [0x00000000d5f00000, 0x00000000e0b00000, 0x0000000100000000)
  eden space 133120K, 0% used [0x00000000d5f00000,0x00000000d5f00000,0x00000000de100000)
  from space 12288K, 99% used [0x00000000dff00000,0x00000000e0afd668,0x00000000e0b00000)
  to   space 5120K, 0% used [0x00000000de100000,0x00000000de100000,0x00000000de600000)
 ParOldGen       total 66560K, used 16759K [0x0000000081c00000, 0x0000000085d00000, 0x00000000d5f00000)
  object space 66560K, 25% used [0x0000000081c00000,0x0000000082c5dc98,0x0000000085d00000)
 Metaspace       used 33979K, capacity 35324K, committed 35416K, reserved 1079296K
  class space    used 4431K, capacity 4692K, committed 4736K, reserved 1048576K
}
Event: 4.554 GC heap before
{Heap before GC invocations=8 (full 2):
 PSYoungGen      total 145408K, used 12277K [0x00000000d5f00000, 0x00000000e0b00000, 0x0000000100000000)
  eden space 133120K, 0% used [0x00000000d5f00000,0x00000000d5f00000,0x00000000de100000)
  from space 12288K, 99% used [0x00000000dff00000,0x00000000e0afd668,0x00000000e0b00000)
  to   space 5120K, 0% used [0x00000000de100000,0x00000000de100000,0x00000000de600000)
 ParOldGen       total 66560K, used 16759K [0x0000000081c00000, 0x0000000085d00000, 0x00000000d5f00000)
  object space 66560K, 25% used [0x0000000081c00000,0x0000000082c5dc98,0x0000000085d00000)
 Metaspace       used 33979K, capacity 35324K, committed 35416K, reserved 1079296K
  class space    used 4431K, capacity 4692K, committed 4736K, reserved 1048576K
Event: 4.637 GC heap after
Heap after GC invocations=8 (full 2):
 PSYoungGen      total 145408K, used 0K [0x00000000d5f00000, 0x00000000e0b00000, 0x0000000100000000)
  eden space 133120K, 0% used [0x00000000d5f00000,0x00000000d5f00000,0x00000000de100000)
  from space 12288K, 0% used [0x00000000dff00000,0x00000000dff00000,0x00000000e0b00000)
  to   space 5120K, 0% used [0x00000000de100000,0x00000000de100000,0x00000000de600000)
 ParOldGen       total 66560K, used 17949K [0x0000000081c00000, 0x0000000085d00000, 0x00000000d5f00000)
  object space 66560K, 26% used [0x0000000081c00000,0x0000000082d876d8,0x0000000085d00000)
 Metaspace       used 33979K, capacity 35324K, committed 35416K, reserved 1079296K
  class space    used 4431K, capacity 4692K, committed 4736K, reserved 1048576K
}

Deoptimization events (10 events):
Event: 3.971 Thread 0x0000000002c86000 Uncommon trap: reason=class_check action=maybe_recompile pc=0x0000000003788fd4 method=java.util.AbstractList$Itr.hasNext()Z @ 8
Event: 3.972 Thread 0x0000000002c86000 Uncommon trap: reason=class_check action=maybe_recompile pc=0x000000000380a444 method=java.util.AbstractList$Itr.next()Ljava/lang/Object; @ 14
Event: 4.693 Thread 0x000000001c9b8000 Uncommon trap: reason=class_check action=maybe_recompile pc=0x00000000032786b4 method=java.util.zip.InflaterInputStream.read([BII)I @ 100
Event: 4.694 Thread 0x000000001c9b8000 Uncommon trap: reason=class_check action=maybe_recompile pc=0x00000000032786b4 method=java.util.zip.InflaterInputStream.read([BII)I @ 100
Event: 4.695 Thread 0x000000001c9b8000 Uncommon trap: reason=class_check action=maybe_recompile pc=0x00000000032786b4 method=java.util.zip.InflaterInputStream.read([BII)I @ 100
Event: 4.695 Thread 0x000000001c9b8000 Uncommon trap: reason=class_check action=maybe_recompile pc=0x00000000032786b4 method=java.util.zip.InflaterInputStream.read([BII)I @ 100
Event: 5.101 Thread 0x0000000002c86000 Uncommon trap: reason=bimorphic action=maybe_recompile pc=0x0000000003935240 method=java.util.Hashtable.get(Ljava/lang/Object;)Ljava/lang/Object; @ 6
Event: 5.101 Thread 0x0000000002c86000 Uncommon trap: reason=bimorphic action=maybe_recompile pc=0x0000000003935240 method=java.util.Hashtable.get(Ljava/lang/Object;)Ljava/lang/Object; @ 6
Event: 5.123 Thread 0x0000000002c86000 Uncommon trap: reason=null_check action=make_not_entrant pc=0x0000000003831ca4 method=org.springframework.util.ClassUtils.isAssignable(Ljava/lang/Class;Ljava/lang/Class;)Z @ 14
Event: 5.213 Thread 0x0000000002c86000 Uncommon trap: reason=unreached action=reinterpret pc=0x0000000002fb41fc method=java.lang.AbstractStringBuilder.append(Ljava/lang/String;)Ljava/lang/AbstractStringBuilder; @ 1

Internal exceptions (10 events):
Event: 5.237 Thread 0x0000000002c86000 Exception <a 'java/security/PrivilegedActionException'> (0x00000000db1a4310) thrown at [D:\re\workspace\8-2-build-windows-amd64-cygwin\jdk8u25\1677\hotspot\src\share\vm\prims\jvm.cpp, line 1312]
Event: 5.237 Thread 0x0000000002c86000 Exception <a 'java/security/PrivilegedActionException'> (0x00000000db1a5228) thrown at [D:\re\workspace\8-2-build-windows-amd64-cygwin\jdk8u25\1677\hotspot\src\share\vm\prims\jvm.cpp, line 1312]
Event: 5.237 Thread 0x0000000002c86000 Exception <a 'java/security/PrivilegedActionException'> (0x00000000db1b0830) thrown at [D:\re\workspace\8-2-build-windows-amd64-cygwin\jdk8u25\1677\hotspot\src\share\vm\prims\jvm.cpp, line 1312]
Event: 5.237 Thread 0x0000000002c86000 Exception <a 'java/security/PrivilegedActionException'> (0x00000000db1b1998) thrown at [D:\re\workspace\8-2-build-windows-amd64-cygwin\jdk8u25\1677\hotspot\src\share\vm\prims\jvm.cpp, line 1312]
Event: 5.239 Thread 0x0000000002c86000 Exception <a 'java/security/PrivilegedActionException'> (0x00000000db1bcf70) thrown at [D:\re\workspace\8-2-build-windows-amd64-cygwin\jdk8u25\1677\hotspot\src\share\vm\prims\jvm.cpp, line 1312]
Event: 5.239 Thread 0x0000000002c86000 Exception <a 'java/security/PrivilegedActionException'> (0x00000000db1bde20) thrown at [D:\re\workspace\8-2-build-windows-amd64-cygwin\jdk8u25\1677\hotspot\src\share\vm\prims\jvm.cpp, line 1312]
Event: 5.239 Thread 0x0000000002c86000 Exception <a 'java/security/PrivilegedActionException'> (0x00000000db1c6d70) thrown at [D:\re\workspace\8-2-build-windows-amd64-cygwin\jdk8u25\1677\hotspot\src\share\vm\prims\jvm.cpp, line 1312]
Event: 5.239 Thread 0x0000000002c86000 Exception <a 'java/security/PrivilegedActionException'> (0x00000000db1c7d98) thrown at [D:\re\workspace\8-2-build-windows-amd64-cygwin\jdk8u25\1677\hotspot\src\share\vm\prims\jvm.cpp, line 1312]
Event: 5.240 Thread 0x0000000002c86000 Exception <a 'java/security/PrivilegedActionException'> (0x00000000db216ee0) thrown at [D:\re\workspace\8-2-build-windows-amd64-cygwin\jdk8u25\1677\hotspot\src\share\vm\prims\jvm.cpp, line 1312]
Event: 5.249 Thread 0x0000000002c86000 Exception <a 'java/security/PrivilegedActionException'> (0x00000000db239ae0) thrown at [D:\re\workspace\8-2-build-windows-amd64-cygwin\jdk8u25\1677\hotspot\src\share\vm\prims\jvm.cpp, line 1312]

Events (10 events):
Event: 5.247 Thread 0x00000000178e8000 flushing nmethod 0x0000000002f7ffd0
Event: 5.247 Thread 0x00000000178e8000 flushing nmethod 0x0000000002ffd690
Event: 5.247 Thread 0x00000000178e8000 flushing nmethod 0x0000000002ffeb90
Event: 5.247 Thread 0x00000000178e8000 flushing nmethod 0x0000000003003090
Event: 5.248 Thread 0x00000000178e8000 flushing nmethod 0x000000000302dbd0
Event: 5.248 Thread 0x00000000178e8000 flushing nmethod 0x0000000003030b10
Event: 5.248 Thread 0x00000000178e8000 flushing nmethod 0x0000000003031c90
Event: 5.248 Thread 0x00000000178e8000 flushing nmethod 0x0000000003032510
Event: 5.249 loading class java/lang/ObjectCustomizer
Event: 5.249 loading class java/lang/ObjectCustomizer done


Dynamic libraries:
0x00007ff695db0000 - 0x00007ff695de4000 	C:\Program Files\Java\jdk1.8.0_25\bin\javaw.exe
0x00007ffd79300000 - 0x00007ffd794e1000 	C:\WINDOWS\SYSTEM32\ntdll.dll
0x00007ffd770b0000 - 0x00007ffd77161000 	C:\WINDOWS\System32\KERNEL32.DLL
0x00007ffd756b0000 - 0x00007ffd75923000 	C:\WINDOWS\System32\KERNELBASE.dll
0x00007ffd79220000 - 0x00007ffd792c1000 	C:\WINDOWS\System32\ADVAPI32.dll
0x00007ffd76b00000 - 0x00007ffd76b9e000 	C:\WINDOWS\System32\msvcrt.dll
0x00007ffd77ca0000 - 0x00007ffd77cfb000 	C:\WINDOWS\System32\sechost.dll
0x00007ffd77b70000 - 0x00007ffd77c94000 	C:\WINDOWS\System32\RPCRT4.dll
0x00007ffd76e20000 - 0x00007ffd76fb1000 	C:\WINDOWS\System32\USER32.dll
0x00007ffd75980000 - 0x00007ffd759a0000 	C:\WINDOWS\System32\win32u.dll
0x00007ffd77520000 - 0x00007ffd77548000 	C:\WINDOWS\System32\GDI32.dll
0x00007ffd76300000 - 0x00007ffd76491000 	C:\WINDOWS\System32\gdi32full.dll
0x00007ffd761b0000 - 0x00007ffd7624f000 	C:\WINDOWS\System32\msvcp_win.dll
0x00007ffd760b0000 - 0x00007ffd761a8000 	C:\WINDOWS\System32\ucrtbase.dll
0x00007ffd672d0000 - 0x00007ffd67539000 	C:\WINDOWS\WinSxS\amd64_microsoft.windows.common-controls_6595b64144ccf1df_6.0.17134.1130_none_d3ff42617c90becf\COMCTL32.dll
0x00007ffd771f0000 - 0x00007ffd77511000 	C:\WINDOWS\System32\combase.dll
0x00007ffd766f0000 - 0x00007ffd76769000 	C:\WINDOWS\System32\bcryptPrimitives.dll
0x00007ffd77ae0000 - 0x00007ffd77b0d000 	C:\WINDOWS\System32\IMM32.DLL
0x000000005b0a0000 - 0x000000005b172000 	C:\Program Files\Java\jdk1.8.0_25\jre\bin\msvcr100.dll
0x0000000059ab0000 - 0x000000005a30a000 	C:\Program Files\Java\jdk1.8.0_25\jre\bin\server\jvm.dll
0x00007ffd76770000 - 0x00007ffd76778000 	C:\WINDOWS\System32\PSAPI.DLL
0x00007ffd6bf20000 - 0x00007ffd6bf43000 	C:\WINDOWS\SYSTEM32\WINMM.dll
0x00007ffd6bb10000 - 0x00007ffd6bb19000 	C:\WINDOWS\SYSTEM32\WSOCK32.dll
0x00007ffd77550000 - 0x00007ffd775bc000 	C:\WINDOWS\System32\WS2_32.dll
0x00007ffd6bef0000 - 0x00007ffd6bf1a000 	C:\WINDOWS\SYSTEM32\winmmbase.dll
0x00007ffd75930000 - 0x00007ffd75979000 	C:\WINDOWS\System32\cfgmgr32.dll
0x000000005b090000 - 0x000000005b09f000 	C:\Program Files\Java\jdk1.8.0_25\jre\bin\verify.dll
0x000000005b060000 - 0x000000005b088000 	C:\Program Files\Java\jdk1.8.0_25\jre\bin\java.dll
0x000000005b040000 - 0x000000005b056000 	C:\Program Files\Java\jdk1.8.0_25\jre\bin\zip.dll
0x00007ffd77d00000 - 0x00007ffd79145000 	C:\WINDOWS\System32\SHELL32.dll
0x00007ffd79170000 - 0x00007ffd79219000 	C:\WINDOWS\System32\shcore.dll
0x00007ffd759a0000 - 0x00007ffd760b0000 	C:\WINDOWS\System32\windows.storage.dll
0x00007ffd77b10000 - 0x00007ffd77b61000 	C:\WINDOWS\System32\shlwapi.dll
0x00007ffd75650000 - 0x00007ffd75661000 	C:\WINDOWS\System32\kernel.appcore.dll
0x00007ffd75690000 - 0x00007ffd756af000 	C:\WINDOWS\System32\profapi.dll
0x00007ffd75600000 - 0x00007ffd7564c000 	C:\WINDOWS\System32\powrprof.dll
0x00007ffd755f0000 - 0x00007ffd755fa000 	C:\WINDOWS\System32\FLTLIB.DLL
0x000000005b010000 - 0x000000005b02a000 	C:\Program Files\Java\jdk1.8.0_25\jre\bin\net.dll
0x00007ffd74df0000 - 0x00007ffd74e56000 	C:\WINDOWS\system32\mswsock.dll
0x000000005b030000 - 0x000000005b03d000 	C:\Program Files\Java\jdk1.8.0_25\jre\bin\management.dll
0x00007ffd6a290000 - 0x00007ffd6a2a6000 	C:\WINDOWS\system32\napinsp.dll
0x00007ffd6a270000 - 0x00007ffd6a28a000 	C:\WINDOWS\system32\pnrpnsp.dll
0x00007ffd71650000 - 0x00007ffd71669000 	C:\WINDOWS\system32\NLAapi.dll
0x00007ffd74b80000 - 0x00007ffd74c3e000 	C:\WINDOWS\SYSTEM32\DNSAPI.dll
0x00007ffd768e0000 - 0x00007ffd768e8000 	C:\WINDOWS\System32\NSI.dll
0x00007ffd74b40000 - 0x00007ffd74b78000 	C:\WINDOWS\SYSTEM32\IPHLPAPI.DLL
0x00007ffd6a220000 - 0x00007ffd6a22e000 	C:\WINDOWS\System32\winrnr.dll
0x00007ffd6a1d0000 - 0x00007ffd6a1e5000 	C:\WINDOWS\System32\wshbth.dll
0x00007ffd6e030000 - 0x00007ffd6e03a000 	C:\Windows\System32\rasadhlp.dll
0x00007ffd6e500000 - 0x00007ffd6e572000 	C:\WINDOWS\System32\fwpuclnt.dll
0x00007ffd75130000 - 0x00007ffd75155000 	C:\WINDOWS\SYSTEM32\bcrypt.dll
0x000000005aff0000 - 0x000000005b001000 	C:\Program Files\Java\jdk1.8.0_25\jre\bin\nio.dll
0x00007ffd75000000 - 0x00007ffd75017000 	C:\WINDOWS\SYSTEM32\CRYPTSP.dll
0x00007ffd749a0000 - 0x00007ffd749d3000 	C:\WINDOWS\system32\rsaenh.dll
0x00007ffd754f0000 - 0x00007ffd75518000 	C:\WINDOWS\SYSTEM32\USERENV.dll
0x00007ffd75020000 - 0x00007ffd7502b000 	C:\WINDOWS\SYSTEM32\CRYPTBASE.dll
0x00007ffd6ed80000 - 0x00007ffd6ed96000 	C:\WINDOWS\SYSTEM32\dhcpcsvc6.DLL
0x00007ffd6f720000 - 0x00007ffd6f73a000 	C:\WINDOWS\SYSTEM32\dhcpcsvc.DLL

VM Arguments:
jvm_args: -Dfile.encoding=UTF-8 
java_command: org.eclipse.jdt.internal.junit.runner.RemoteTestRunner -version 3 -port 64938 -testLoaderClass org.eclipse.jdt.internal.junit4.runner.JUnit4TestLoader -loaderpluginname org.eclipse.jdt.junit4.runtime -classNames cn.com.activiti_server.ActivitiTest
java_class_path (initial): D:\workspace\activiti-server\target\test-classes;D:\workspace\activiti-server\target\classes;D:\software\java\meaven\M2\repository\org\springframework\boot\spring-boot-starter\2.0.6.RELEASE\spring-boot-starter-2.0.6.RELEASE.jar;D:\software\java\meaven\M2\repository\org\springframework\boot\spring-boot\2.0.6.RELEASE\spring-boot-2.0.6.RELEASE.jar;D:\software\java\meaven\M2\repository\org\springframework\spring-context\5.0.10.RELEASE\spring-context-5.0.10.RELEASE.jar;D:\software\java\meaven\M2\repository\org\springframework\boot\spring-boot-autoconfigure\2.0.6.RELEASE\spring-boot-autoconfigure-2.0.6.RELEASE.jar;D:\software\java\meaven\M2\repository\org\springframework\boot\spring-boot-starter-logging\2.0.6.RELEASE\spring-boot-starter-logging-2.0.6.RELEASE.jar;D:\software\java\meaven\M2\repository\ch\qos\logback\logback-classic\1.2.3\logback-classic-1.2.3.jar;D:\software\java\meaven\M2\repository\ch\qos\logback\logback-core\1.2.3\logback-core-1.2.3.jar;D:\software\java\meaven\M2\repository\org\apache\logging\log4j\log4j-to-slf4j\2.10.0\log4j-to-slf4j-2.10.0.jar;D:\software\java\meaven\M2\repository\org\apache\logging\log4j\log4j-api\2.10.0\log4j-api-2.10.0.jar;D:\software\java\meaven\M2\repository\org\slf4j\jul-to-slf4j\1.7.25\jul-to-slf4j-1.7.25.jar;D:\software\java\meaven\M2\repository\javax\annotation\javax.annotation-api\1.3.2\javax.annotation-api-1.3.2.jar;D:\software\java\meaven\M2\repository\org\springframework\spring-core\5.0.10.RELEASE\spring-core-5.0.10.RELEASE.jar;D:\software\java\meaven\M2\repository\org\springframework\spring-jcl\5.0.10.RELEASE\spring-jcl-5.0.10.RELEASE.jar;D:\software\java\meaven\M2\repository\org\yaml\snakeyaml\1.19\snakeyaml-1.19.jar;D:\software\java\meaven\M2\repository\org\springframework\boot\spring-boot-starter-web\2.0.6.RELEASE\spring-boot-starter-web-2.0.6.RELEASE.jar;D:\software\java\meaven\M2\repository\org\springframework\boot\spring-boot-starter-json\2.0.6.RELEASE\spring-boot-starter-json-2.0.6.RELE
Launcher Type: SUN_STANDARD

Environment Variables:
JAVA_HOME=C:\Program Files\Java\jdk1.8.0_25
CLASSPATH=.;C:\Program Files\Java\jdk1.8.0_25\lib\tools.jar;C:\Program Files\Java\jdk1.8.0_25\lib\dt.jar
PATH=C:/Program Files/Java/jre1.8.0_25/bin/server;C:/Program Files/Java/jre1.8.0_25/bin;C:/Program Files/Java/jre1.8.0_25/lib/amd64;C:\Program Files (x86)\Common Files\Oracle\Java\javapath;C:\ProgramData\Oracle\Java\javapath;C:\Program Files\Java\jdk1.8.0_25\bin;D:\software\java\meaven\apache-maven-3.3.3\bin;C:\Program Files (x86)\Intel\iCLS Client\;C:\Program Files\Intel\iCLS Client\;C:\WINDOWS\system32;C:\WINDOWS;C:\WINDOWS\System32\Wbem;C:\WINDOWS\System32\WindowsPowerShell\v1.0\;C:\Program Files (x86)\Intel\Intel(R) Management Engine Components\DAL;C:\Program Files\Intel\Intel(R) Management Engine Components\DAL;C:\Program Files (x86)\Intel\Intel(R) Management Engine Components\IPT;C:\Program Files\Intel\Intel(R) Management Engine Components\IPT;C:\WINDOWS\System32\OpenSSH\;C:\Program Files\Intel\WiFi\bin\;C:\Program Files\Common Files\Intel\WirelessCommon\;D:\software\java\database\mysql-5.7.23-winx64\mysql-5.7.23-winx64\bin;D:\software\java\database\mongodb\mongodb\bin;D:\software\handel\Git\cmd;D:\software\handel\;C:\Users\new\AppData\Local\Microsoft\WindowsApps;;D:\software\handel\ssh;C:\Users\new\AppData\Roaming\npm;D:\software\java\eclipse\eclipse(1.7)\eclipse;
USERNAME=admin
OS=Windows_NT
PROCESSOR_IDENTIFIER=Intel64 Family 6 Model 142 Stepping 9, GenuineIntel



---------------  S Y S T E M  ---------------

OS: Windows 8.1 , 64 bit Build 9600 

CPU:total 4 (2 cores per cpu, 2 threads per core) family 6 model 142 stepping 9, cmov, cx8, fxsr, mmx, sse, sse2, sse3, ssse3, sse4.1, sse4.2, popcnt, avx, avx2, aes, clmul, erms, lzcnt, ht, tsc, tscinvbit, bmi1, bmi2

Memory: 4k page, physical 8267308k(1599288k free), swap 8267308k(708k free)

vm_info: Java HotSpot(TM) 64-Bit Server VM (25.25-b02) for windows-amd64 JRE (1.8.0_25-b18), built on Oct  7 2014 14:25:37 by "java_re" with MS VC++ 10.0 (VS2010)

time: Tue Dec 10 23:27:06 2019
elapsed time: 5 seconds (0d 0h 0m 5s)

