#
# There is insufficient memory for the Java Runtime Environment to continue.
# Native memory allocation (malloc) failed to allocate 2116336 bytes for Chunk::new
# Possible reasons:
#   The system is out of physical RAM or swap space
#   In 32 bit mode, the process size limit was hit
# Possible solutions:
#   Reduce memory load on the system
#   Increase physical memory or swap space
#   Check if swap backing store is full
#   Use 64 bit Java on a 64 bit OS
#   Decrease Java heap size (-Xmx/-Xms)
#   Decrease number of Java threads
#   Decrease Java thread stack sizes (-Xss)
#   Set larger code cache with -XX:ReservedCodeCacheSize=
# This output file may be truncated or incomplete.
#
#  Out of Memory Error (allocation.cpp:390), pid=6080, tid=3356
#
# JRE version: Java(TM) SE Runtime Environment (8.0_25-b18) (build 1.8.0_25-b18)
# Java VM: Java HotSpot(TM) 64-Bit Server VM (25.25-b02 mixed mode windows-amd64 compressed oops)
# Failed to write core dump. Minidumps are not enabled by default on client versions of Windows
#

---------------  T H R E A D  ---------------

Current thread (0x0000000018457800):  JavaThread "C2 CompilerThread0" daemon [_thread_in_native, id=3356, stack(0x0000000019d90000,0x0000000019e90000)]

Stack: [0x0000000019d90000,0x0000000019e90000]
Native frames: (J=compiled Java code, j=interpreted, Vv=VM code, C=native code)
V  [jvm.dll+0x31667a]
V  [jvm.dll+0x267073]
V  [jvm.dll+0x267cb3]
V  [jvm.dll+0x25f5b5]
V  [jvm.dll+0xbf165]
V  [jvm.dll+0xbf60c]
V  [jvm.dll+0x45d672]
V  [jvm.dll+0x49e8ef]
V  [jvm.dll+0x452b41]
V  [jvm.dll+0x453864]
V  [jvm.dll+0x437372]
V  [jvm.dll+0x98a02]
V  [jvm.dll+0x991f3]
V  [jvm.dll+0x22bde4]
V  [jvm.dll+0x2852fa]
C  [msvcr100.dll+0x21d9f]
C  [msvcr100.dll+0x21e3b]
C  [KERNEL32.DLL+0x14034]
C  [ntdll.dll+0x73691]


Current CompileTask:
C2:   7023 4010 %     4       org.aspectj.weaver.ResolvedType::lookupResolvedMember @ 95 (165 bytes)


---------------  P R O C E S S  ---------------

Java Threads: ( => current thread )
  0x000000001e27e800 JavaThread "Druid-ConnectionPool-Destroy-917331754" daemon [_thread_blocked, id=1832, stack(0x00000000209e0000,0x0000000020ae0000)]
  0x000000001e859000 JavaThread "Druid-ConnectionPool-Create-917331754" daemon [_thread_in_native, id=1984, stack(0x00000000208e0000,0x00000000209e0000)]
  0x000000001f59f800 JavaThread "Abandoned connection cleanup thread" daemon [_thread_blocked, id=9604, stack(0x0000000020590000,0x0000000020690000)]
  0x000000001aa11000 JavaThread "ReaderThread" [_thread_in_native, id=8452, stack(0x000000001ba60000,0x000000001bb60000)]
  0x000000001848e800 JavaThread "Service Thread" daemon [_thread_blocked, id=5860, stack(0x000000001a090000,0x000000001a190000)]
  0x0000000018463000 JavaThread "C1 CompilerThread2" daemon [_thread_blocked, id=4064, stack(0x0000000019f90000,0x000000001a090000)]
  0x0000000018459800 JavaThread "C2 CompilerThread1" daemon [_thread_in_native, id=8284, stack(0x0000000019e90000,0x0000000019f90000)]
=>0x0000000018457800 JavaThread "C2 CompilerThread0" daemon [_thread_in_native, id=3356, stack(0x0000000019d90000,0x0000000019e90000)]
  0x00000000197d3800 JavaThread "Attach Listener" daemon [_thread_blocked, id=10524, stack(0x0000000019c90000,0x0000000019d90000)]
  0x000000001844a000 JavaThread "Signal Dispatcher" daemon [_thread_blocked, id=7104, stack(0x0000000019b90000,0x0000000019c90000)]
  0x00000000038fa800 JavaThread "Finalizer" daemon [_thread_blocked, id=10640, stack(0x0000000019690000,0x0000000019790000)]
  0x00000000038f7000 JavaThread "Reference Handler" daemon [_thread_blocked, id=7948, stack(0x0000000019590000,0x0000000019690000)]
  0x00000000037fd800 JavaThread "main" [_thread_blocked, id=8344, stack(0x0000000003670000,0x0000000003770000)]

Other Threads:
  0x00000000183f7000 VMThread [stack: 0x0000000019490000,0x0000000019590000] [id=6404]
  0x000000001982e000 WatcherThread [stack: 0x000000001a190000,0x000000001a290000] [id=8736]

VM state:not at safepoint (normal execution)

VM Mutex/Monitor currently owned by a thread: None

Heap:
 PSYoungGen      total 187904K, used 6681K [0x00000000d5f00000, 0x00000000e2900000, 0x0000000100000000)
  eden space 177664K, 3% used [0x00000000d5f00000,0x00000000d65864f0,0x00000000e0c80000)
  from space 10240K, 0% used [0x00000000e0c80000,0x00000000e0c80000,0x00000000e1680000)
  to   space 9216K, 0% used [0x00000000e1680000,0x00000000e1680000,0x00000000e1f80000)
 ParOldGen       total 79872K, used 22320K [0x0000000081c00000, 0x0000000086a00000, 0x00000000d5f00000)
  object space 79872K, 27% used [0x0000000081c00000,0x00000000831cc330,0x0000000086a00000)
 Metaspace       used 35811K, capacity 36332K, committed 36648K, reserved 1081344K
  class space    used 4312K, capacity 4415K, committed 4480K, reserved 1048576K

Card table byte_map: [0x0000000012cc0000,0x00000000130c0000] byte_map_base: 0x00000000128b2000

Marking Bits: (ParMarkBitMap*) 0x000000005ce5d490
 Begin Bits: [0x0000000013770000, 0x0000000015700000)
 End Bits:   [0x0000000015700000, 0x0000000017690000)

Polling page: 0x0000000001860000

CodeCache: size=245760Kb used=14190Kb max_used=14898Kb free=231569Kb
 bounds [0x0000000003900000, 0x00000000047b0000, 0x0000000012900000]
 total_blobs=4230 nmethods=3764 adapters=379
 compilation: enabled

Compilation events (10 events):
Event: 6.904 Thread 0x0000000018463000 4123       2       sun.reflect.UnsafeObjectFieldAccessorImpl::get (17 bytes)
Event: 6.904 Thread 0x0000000018463000 nmethod 4123 0x0000000003a42590 code [0x0000000003a42720, 0x0000000003a42a38]
Event: 6.905 Thread 0x0000000018463000 4124       2       java.lang.reflect.AccessibleObject::checkAccess (96 bytes)
Event: 6.905 Thread 0x0000000018463000 nmethod 4124 0x0000000003adfa10 code [0x0000000003adfb80, 0x0000000003adfe48]
Event: 6.907 Thread 0x0000000018463000 4126       1       com.mysql.jdbc.ConnectionPropertiesImpl$ConnectionProperty::getValueAsObject (5 bytes)
Event: 6.907 Thread 0x0000000018463000 nmethod 4126 0x0000000003b4d810 code [0x0000000003b4d960, 0x0000000003b4da70]
Event: 6.927 Thread 0x0000000018463000 4127       2       java.lang.StringBuilder::<init> (6 bytes)
Event: 6.927 Thread 0x0000000018463000 nmethod 4127 0x0000000003cdc510 code [0x0000000003cdc660, 0x0000000003cdc850]
Event: 6.930 Thread 0x0000000018463000 4128       2       sun.util.PreHashedMap::get (73 bytes)
Event: 6.930 Thread 0x0000000018463000 nmethod 4128 0x0000000003b8c890 code [0x0000000003b8ca20, 0x0000000003b8cd98]

GC Heap History (10 events):
Event: 3.525 GC heap before
{Heap before GC invocations=9 (full 1):
 PSYoungGen      total 74240K, used 66048K [0x00000000d5f00000, 0x00000000df000000, 0x0000000100000000)
  eden space 66048K, 100% used [0x00000000d5f00000,0x00000000d9f80000,0x00000000d9f80000)
  from space 8192K, 0% used [0x00000000d9f80000,0x00000000d9f80000,0x00000000da780000)
  to   space 8192K, 0% used [0x00000000de800000,0x00000000de800000,0x00000000df000000)
 ParOldGen       total 47616K, used 6317K [0x0000000081c00000, 0x0000000084a80000, 0x00000000d5f00000)
  object space 47616K, 13% used [0x0000000081c00000,0x000000008222b740,0x0000000084a80000)
 Metaspace       used 23795K, capacity 24136K, committed 24320K, reserved 1071104K
  class space    used 2953K, capacity 3029K, committed 3072K, reserved 1048576K
Event: 3.530 GC heap after
Heap after GC invocations=9 (full 1):
 PSYoungGen      total 124928K, used 4045K [0x00000000d5f00000, 0x00000000dec00000, 0x0000000100000000)
  eden space 120832K, 0% used [0x00000000d5f00000,0x00000000d5f00000,0x00000000dd500000)
  from space 4096K, 98% used [0x00000000de800000,0x00000000debf36e8,0x00000000dec00000)
  to   space 8192K, 0% used [0x00000000ddc00000,0x00000000ddc00000,0x00000000de400000)
 ParOldGen       total 47616K, used 6325K [0x0000000081c00000, 0x0000000084a80000, 0x00000000d5f00000)
  object space 47616K, 13% used [0x0000000081c00000,0x000000008222d740,0x0000000084a80000)
 Metaspace       used 23795K, capacity 24136K, committed 24320K, reserved 1071104K
  class space    used 2953K, capacity 3029K, committed 3072K, reserved 1048576K
}
Event: 4.330 GC heap before
{Heap before GC invocations=10 (full 1):
 PSYoungGen      total 124928K, used 124877K [0x00000000d5f00000, 0x00000000dec00000, 0x0000000100000000)
  eden space 120832K, 100% used [0x00000000d5f00000,0x00000000dd500000,0x00000000dd500000)
  from space 4096K, 98% used [0x00000000de800000,0x00000000debf36e8,0x00000000dec00000)
  to   space 8192K, 0% used [0x00000000ddc00000,0x00000000ddc00000,0x00000000de400000)
 ParOldGen       total 47616K, used 6325K [0x0000000081c00000, 0x0000000084a80000, 0x00000000d5f00000)
  object space 47616K, 13% used [0x0000000081c00000,0x000000008222d740,0x0000000084a80000)
 Metaspace       used 27354K, capacity 27710K, committed 27904K, reserved 1073152K
  class space    used 3422K, capacity 3486K, committed 3584K, reserved 1048576K
Event: 4.344 GC heap after
Heap after GC invocations=10 (full 1):
 PSYoungGen      total 136192K, used 8181K [0x00000000d5f00000, 0x00000000e1f80000, 0x0000000100000000)
  eden space 128000K, 0% used [0x00000000d5f00000,0x00000000d5f00000,0x00000000ddc00000)
  from space 8192K, 99% used [0x00000000ddc00000,0x00000000de3fd480,0x00000000de400000)
  to   space 9216K, 0% used [0x00000000e1680000,0x00000000e1680000,0x00000000e1f80000)
 ParOldGen       total 47616K, used 6867K [0x0000000081c00000, 0x0000000084a80000, 0x00000000d5f00000)
  object space 47616K, 14% used [0x0000000081c00000,0x00000000822b4d70,0x0000000084a80000)
 Metaspace       used 27354K, capacity 27710K, committed 27904K, reserved 1073152K
  class space    used 3422K, capacity 3486K, committed 3584K, reserved 1048576K
}
Event: 5.488 GC heap before
{Heap before GC invocations=11 (full 1):
 PSYoungGen      total 136192K, used 136181K [0x00000000d5f00000, 0x00000000e1f80000, 0x0000000100000000)
  eden space 128000K, 100% used [0x00000000d5f00000,0x00000000ddc00000,0x00000000ddc00000)
  from space 8192K, 99% used [0x00000000ddc00000,0x00000000de3fd480,0x00000000de400000)
  to   space 9216K, 0% used [0x00000000e1680000,0x00000000e1680000,0x00000000e1f80000)
 ParOldGen       total 47616K, used 6867K [0x0000000081c00000, 0x0000000084a80000, 0x00000000d5f00000)
  object space 47616K, 14% used [0x0000000081c00000,0x00000000822b4d70,0x0000000084a80000)
 Metaspace       used 31772K, capacity 32278K, committed 32512K, reserved 1077248K
  class space    used 3976K, capacity 4092K, committed 4096K, reserved 1048576K
Event: 5.501 GC heap after
Heap after GC invocations=11 (full 1):
 PSYoungGen      total 186880K, used 8546K [0x00000000d5f00000, 0x00000000e2900000, 0x0000000100000000)
  eden space 177664K, 0% used [0x00000000d5f00000,0x00000000d5f00000,0x00000000e0c80000)
  from space 9216K, 92% used [0x00000000e1680000,0x00000000e1ed88f8,0x00000000e1f80000)
  to   space 10240K, 0% used [0x00000000e0c80000,0x00000000e0c80000,0x00000000e1680000)
 ParOldGen       total 47616K, used 8683K [0x0000000081c00000, 0x0000000084a80000, 0x00000000d5f00000)
  object space 47616K, 18% used [0x0000000081c00000,0x000000008247aec8,0x0000000084a80000)
 Metaspace       used 31772K, capacity 32278K, committed 32512K, reserved 1077248K
  class space    used 3976K, capacity 4092K, committed 4096K, reserved 1048576K
}
Event: 6.673 GC heap before
{Heap before GC invocations=12 (full 1):
 PSYoungGen      total 186880K, used 185127K [0x00000000d5f00000, 0x00000000e2900000, 0x0000000100000000)
  eden space 177664K, 99% used [0x00000000d5f00000,0x00000000e0b71670,0x00000000e0c80000)
  from space 9216K, 92% used [0x00000000e1680000,0x00000000e1ed88f8,0x00000000e1f80000)
  to   space 10240K, 0% used [0x00000000e0c80000,0x00000000e0c80000,0x00000000e1680000)
 ParOldGen       total 47616K, used 8683K [0x0000000081c00000, 0x0000000084a80000, 0x00000000d5f00000)
  object space 47616K, 18% used [0x0000000081c00000,0x000000008247aec8,0x0000000084a80000)
 Metaspace       used 34863K, capacity 35310K, committed 35496K, reserved 1081344K
  class space    used 4199K, capacity 4288K, committed 4352K, reserved 1048576K
Event: 6.692 GC heap after
Heap after GC invocations=12 (full 1):
 PSYoungGen      total 187904K, used 10128K [0x00000000d5f00000, 0x00000000e2900000, 0x0000000100000000)
  eden space 177664K, 0% used [0x00000000d5f00000,0x00000000d5f00000,0x00000000e0c80000)
  from space 10240K, 98% used [0x00000000e0c80000,0x00000000e16641b8,0x00000000e1680000)
  to   space 9216K, 0% used [0x00000000e1680000,0x00000000e1680000,0x00000000e1f80000)
 ParOldGen       total 47616K, used 13974K [0x0000000081c00000, 0x0000000084a80000, 0x00000000d5f00000)
  object space 47616K, 29% used [0x0000000081c00000,0x00000000829a5a00,0x0000000084a80000)
 Metaspace       used 34863K, capacity 35310K, committed 35496K, reserved 1081344K
  class space    used 4199K, capacity 4288K, committed 4352K, reserved 1048576K
}
Event: 6.692 GC heap before
{Heap before GC invocations=13 (full 2):
 PSYoungGen      total 187904K, used 10128K [0x00000000d5f00000, 0x00000000e2900000, 0x0000000100000000)
  eden space 177664K, 0% used [0x00000000d5f00000,0x00000000d5f00000,0x00000000e0c80000)
  from space 10240K, 98% used [0x00000000e0c80000,0x00000000e16641b8,0x00000000e1680000)
  to   space 9216K, 0% used [0x00000000e1680000,0x00000000e1680000,0x00000000e1f80000)
 ParOldGen       total 47616K, used 13974K [0x0000000081c00000, 0x0000000084a80000, 0x00000000d5f00000)
  object space 47616K, 29% used [0x0000000081c00000,0x00000000829a5a00,0x0000000084a80000)
 Metaspace       used 34863K, capacity 35310K, committed 35496K, reserved 1081344K
  class space    used 4199K, capacity 4288K, committed 4352K, reserved 1048576K
Event: 6.808 GC heap after
Heap after GC invocations=13 (full 2):
 PSYoungGen      total 187904K, used 0K [0x00000000d5f00000, 0x00000000e2900000, 0x0000000100000000)
  eden space 177664K, 0% used [0x00000000d5f00000,0x00000000d5f00000,0x00000000e0c80000)
  from space 10240K, 0% used [0x00000000e0c80000,0x00000000e0c80000,0x00000000e1680000)
  to   space 9216K, 0% used [0x00000000e1680000,0x00000000e1680000,0x00000000e1f80000)
 ParOldGen       total 79872K, used 22320K [0x0000000081c00000, 0x0000000086a00000, 0x00000000d5f00000)
  object space 79872K, 27% used [0x0000000081c00000,0x00000000831cc330,0x0000000086a00000)
 Metaspace       used 34861K, capacity 35308K, committed 35496K, reserved 1081344K
  class space    used 4198K, capacity 4287K, committed 4352K, reserved 1048576K
}

Deoptimization events (10 events):
Event: 5.754 Thread 0x00000000037fd800 Uncommon trap: reason=null_assert action=make_not_entrant pc=0x0000000003ff0e5c method=java.util.concurrent.ConcurrentHashMap.transfer([Ljava/util/concurrent/ConcurrentHashMap$Node;[Ljava/util/concurrent/ConcurrentHashMap$Node;)V @ 557
Event: 5.788 Thread 0x00000000037fd800 Uncommon trap: reason=unreached action=reinterpret pc=0x0000000003cb1ec4 method=java.util.HashMap.resize()[Ljava/util/HashMap$Node; @ 206
Event: 5.792 Thread 0x00000000037fd800 Uncommon trap: reason=unreached action=reinterpret pc=0x00000000040f5cec method=java.util.HashMap.putVal(ILjava/lang/Object;Ljava/lang/Object;ZZ)Ljava/lang/Object; @ 109
Event: 5.802 Thread 0x00000000037fd800 Uncommon trap: reason=unreached action=reinterpret pc=0x00000000040c5ad4 method=java.util.HashMap.putVal(ILjava/lang/Object;Ljava/lang/Object;ZZ)Ljava/lang/Object; @ 109
Event: 6.422 Thread 0x00000000037fd800 Uncommon trap: reason=null_assert action=make_not_entrant pc=0x0000000003f8eab4 method=java.util.concurrent.ConcurrentHashMap.transfer([Ljava/util/concurrent/ConcurrentHashMap$Node;[Ljava/util/concurrent/ConcurrentHashMap$Node;)V @ 557
Event: 6.514 Thread 0x00000000037fd800 Uncommon trap: reason=bimorphic action=maybe_recompile pc=0x000000000476bf24 method=java.util.concurrent.ConcurrentHashMap.putVal(Ljava/lang/Object;Ljava/lang/Object;Z)Ljava/lang/Object; @ 192
Event: 6.526 Thread 0x00000000037fd800 Uncommon trap: reason=bimorphic action=maybe_recompile pc=0x000000000456a1d8 method=java.lang.Throwable.<init>(Ljava/lang/String;Ljava/lang/Throwable;)V @ 24
Event: 6.526 Thread 0x00000000037fd800 Uncommon trap: reason=bimorphic action=maybe_recompile pc=0x000000000456a1d8 method=java.lang.Throwable.<init>(Ljava/lang/String;Ljava/lang/Throwable;)V @ 24
Event: 6.554 Thread 0x00000000037fd800 Uncommon trap: reason=bimorphic action=maybe_recompile pc=0x000000000476bf24 method=java.util.concurrent.ConcurrentHashMap.putVal(Ljava/lang/Object;Ljava/lang/Object;Z)Ljava/lang/Object; @ 192
Event: 6.561 Thread 0x00000000037fd800 Uncommon trap: reason=bimorphic action=maybe_recompile pc=0x000000000476bf24 method=java.util.concurrent.ConcurrentHashMap.putVal(Ljava/lang/Object;Ljava/lang/Object;Z)Ljava/lang/Object; @ 192

Internal exceptions (10 events):
Event: 6.916 Thread 0x000000001e859000 Exception <a 'java/security/PrivilegedActionException'> (0x00000000d641c7f8) thrown at [D:\re\workspace\8-2-build-windows-amd64-cygwin\jdk8u25\1677\hotspot\src\share\vm\prims\jvm.cpp, line 1312]
Event: 6.917 Thread 0x000000001e859000 Exception <a 'java/security/PrivilegedActionException'> (0x00000000d642adc8) thrown at [D:\re\workspace\8-2-build-windows-amd64-cygwin\jdk8u25\1677\hotspot\src\share\vm\prims\jvm.cpp, line 1312]
Event: 6.918 Thread 0x000000001e859000 Exception <a 'java/security/PrivilegedActionException'> (0x00000000d6437408) thrown at [D:\re\workspace\8-2-build-windows-amd64-cygwin\jdk8u25\1677\hotspot\src\share\vm\prims\jvm.cpp, line 1312]
Event: 6.918 Thread 0x000000001e859000 Exception <a 'java/security/PrivilegedActionException'> (0x00000000d6444898) thrown at [D:\re\workspace\8-2-build-windows-amd64-cygwin\jdk8u25\1677\hotspot\src\share\vm\prims\jvm.cpp, line 1312]
Event: 6.919 Thread 0x000000001e859000 Exception <a 'java/security/PrivilegedActionException'> (0x00000000d6458498) thrown at [D:\re\workspace\8-2-build-windows-amd64-cygwin\jdk8u25\1677\hotspot\src\share\vm\prims\jvm.cpp, line 1312]
Event: 6.927 Thread 0x000000001e859000 Exception <a 'java/security/PrivilegedActionException'> (0x00000000d6475ea0) thrown at [D:\re\workspace\8-2-build-windows-amd64-cygwin\jdk8u25\1677\hotspot\src\share\vm\prims\jvm.cpp, line 1312]
Event: 6.928 Thread 0x000000001e859000 Exception <a 'java/security/PrivilegedActionException'> (0x00000000d6487a88) thrown at [D:\re\workspace\8-2-build-windows-amd64-cygwin\jdk8u25\1677\hotspot\src\share\vm\prims\jvm.cpp, line 1312]
Event: 6.928 Thread 0x000000001e859000 Exception <a 'java/security/PrivilegedActionException'> (0x00000000d6499b08) thrown at [D:\re\workspace\8-2-build-windows-amd64-cygwin\jdk8u25\1677\hotspot\src\share\vm\prims\jvm.cpp, line 1312]
Event: 6.929 Thread 0x000000001e859000 Exception <a 'java/security/PrivilegedActionException'> (0x00000000d64ac868) thrown at [D:\re\workspace\8-2-build-windows-amd64-cygwin\jdk8u25\1677\hotspot\src\share\vm\prims\jvm.cpp, line 1312]
Event: 6.930 Thread 0x000000001e859000 Exception <a 'java/security/PrivilegedActionException'> (0x00000000d64bf3e8) thrown at [D:\re\workspace\8-2-build-windows-amd64-cygwin\jdk8u25\1677\hotspot\src\share\vm\prims\jvm.cpp, line 1312]

Events (10 events):
Event: 6.931 Executing VM operation: RevokeBias
Event: 6.931 Executing VM operation: RevokeBias done
Event: 6.931 loading class sun/security/provider/SHA
Event: 6.931 loading class sun/security/provider/SHA done
Event: 6.931 loading class sun/nio/cs/US_ASCII$Encoder
Event: 6.931 loading class sun/nio/cs/US_ASCII$Encoder done
Event: 6.931 loading class sun/nio/cs/Surrogate$Parser
Event: 6.931 loading class sun/nio/cs/Surrogate$Parser done
Event: 6.931 loading class sun/nio/cs/Surrogate
Event: 6.931 loading class sun/nio/cs/Surrogate done


Dynamic libraries:
0x00007ff624690000 - 0x00007ff6246c4000 	C:\Program Files\Java\jdk1.8.0_25\bin\javaw.exe
0x00007ffa51130000 - 0x00007ffa51311000 	C:\WINDOWS\SYSTEM32\ntdll.dll
0x00007ffa500b0000 - 0x00007ffa50161000 	C:\WINDOWS\System32\KERNEL32.DLL
0x00007ffa4e2a0000 - 0x00007ffa4e513000 	C:\WINDOWS\System32\KERNELBASE.dll
0x00007ffa503a0000 - 0x00007ffa50441000 	C:\WINDOWS\System32\ADVAPI32.dll
0x00007ffa50750000 - 0x00007ffa507ee000 	C:\WINDOWS\System32\msvcrt.dll
0x00007ffa4e620000 - 0x00007ffa4e67b000 	C:\WINDOWS\System32\sechost.dll
0x00007ffa50560000 - 0x00007ffa50684000 	C:\WINDOWS\System32\RPCRT4.dll
0x00007ffa507f0000 - 0x00007ffa50980000 	C:\WINDOWS\System32\USER32.dll
0x00007ffa4e230000 - 0x00007ffa4e250000 	C:\WINDOWS\System32\win32u.dll
0x00007ffa4fb70000 - 0x00007ffa4fb98000 	C:\WINDOWS\System32\GDI32.dll
0x00007ffa4ddf0000 - 0x00007ffa4df81000 	C:\WINDOWS\System32\gdi32full.dll
0x00007ffa4e520000 - 0x00007ffa4e5bf000 	C:\WINDOWS\System32\msvcp_win.dll
0x00007ffa4d5e0000 - 0x00007ffa4d6d8000 	C:\WINDOWS\System32\ucrtbase.dll
0x00007ffa36250000 - 0x00007ffa364b9000 	C:\WINDOWS\WinSxS\amd64_microsoft.windows.common-controls_6595b64144ccf1df_6.0.17134.950_none_fb3da4273069d3e0\COMCTL32.dll
0x00007ffa50dd0000 - 0x00007ffa510f2000 	C:\WINDOWS\System32\combase.dll
0x00007ffa4d500000 - 0x00007ffa4d579000 	C:\WINDOWS\System32\bcryptPrimitives.dll
0x00007ffa4fe20000 - 0x00007ffa4fe4d000 	C:\WINDOWS\System32\IMM32.DLL
0x000000005d160000 - 0x000000005d232000 	C:\Program Files\Java\jdk1.8.0_25\jre\bin\msvcr100.dll
0x000000005c680000 - 0x000000005ceda000 	C:\Program Files\Java\jdk1.8.0_25\jre\bin\server\jvm.dll
0x00007ffa50740000 - 0x00007ffa50748000 	C:\WINDOWS\System32\PSAPI.DLL
0x00007ffa4b1a0000 - 0x00007ffa4b1c3000 	C:\WINDOWS\SYSTEM32\WINMM.dll
0x00007ffa38c40000 - 0x00007ffa38c49000 	C:\WINDOWS\SYSTEM32\WSOCK32.dll
0x00007ffa50040000 - 0x00007ffa500ac000 	C:\WINDOWS\System32\WS2_32.dll
0x00007ffa4b090000 - 0x00007ffa4b0ba000 	C:\WINDOWS\SYSTEM32\winmmbase.dll
0x00007ffa4e250000 - 0x00007ffa4e299000 	C:\WINDOWS\System32\cfgmgr32.dll
0x000000005d150000 - 0x000000005d15f000 	C:\Program Files\Java\jdk1.8.0_25\jre\bin\verify.dll
0x000000005d120000 - 0x000000005d148000 	C:\Program Files\Java\jdk1.8.0_25\jre\bin\java.dll
0x000000005d100000 - 0x000000005d116000 	C:\Program Files\Java\jdk1.8.0_25\jre\bin\zip.dll
0x00007ffa4e720000 - 0x00007ffa4fb60000 	C:\WINDOWS\System32\SHELL32.dll
0x00007ffa50690000 - 0x00007ffa50739000 	C:\WINDOWS\System32\shcore.dll
0x00007ffa4d6e0000 - 0x00007ffa4dded000 	C:\WINDOWS\System32\windows.storage.dll
0x00007ffa4e5c0000 - 0x00007ffa4e611000 	C:\WINDOWS\System32\shlwapi.dll
0x00007ffa4d4e0000 - 0x00007ffa4d4f1000 	C:\WINDOWS\System32\kernel.appcore.dll
0x00007ffa4d450000 - 0x00007ffa4d46f000 	C:\WINDOWS\System32\profapi.dll
0x00007ffa4d470000 - 0x00007ffa4d4bc000 	C:\WINDOWS\System32\powrprof.dll
0x00007ffa4d440000 - 0x00007ffa4d44a000 	C:\WINDOWS\System32\FLTLIB.DLL
0x000000005d0e0000 - 0x000000005d0fa000 	C:\Program Files\Java\jdk1.8.0_25\jre\bin\net.dll
0x00007ffa4cc40000 - 0x00007ffa4cca6000 	C:\WINDOWS\system32\mswsock.dll
0x00007ffa4c990000 - 0x00007ffa4c9c8000 	C:\WINDOWS\SYSTEM32\IPHLPAPI.DLL
0x00007ffa4fb60000 - 0x00007ffa4fb68000 	C:\WINDOWS\System32\NSI.dll
0x00007ffa43130000 - 0x00007ffa43146000 	C:\WINDOWS\SYSTEM32\dhcpcsvc6.DLL
0x00007ffa43480000 - 0x00007ffa4349a000 	C:\WINDOWS\SYSTEM32\dhcpcsvc.DLL
0x00007ffa4c9d0000 - 0x00007ffa4ca8e000 	C:\WINDOWS\SYSTEM32\DNSAPI.dll
0x00007ffa42280000 - 0x00007ffa4228a000 	C:\Windows\System32\rasadhlp.dll
0x00007ffa429e0000 - 0x00007ffa42a52000 	C:\WINDOWS\System32\fwpuclnt.dll
0x00007ffa4cf80000 - 0x00007ffa4cfa5000 	C:\WINDOWS\SYSTEM32\bcrypt.dll
0x000000005d0d0000 - 0x000000005d0dd000 	C:\Program Files\Java\jdk1.8.0_25\jre\bin\management.dll
0x00007ffa345c0000 - 0x00007ffa345d6000 	C:\WINDOWS\system32\napinsp.dll
0x00007ffa34570000 - 0x00007ffa3458a000 	C:\WINDOWS\system32\pnrpnsp.dll
0x00007ffa497f0000 - 0x00007ffa49809000 	C:\WINDOWS\system32\NLAapi.dll
0x00007ffa33e20000 - 0x00007ffa33e2e000 	C:\WINDOWS\System32\winrnr.dll
0x00007ffa33d30000 - 0x00007ffa33d45000 	C:\WINDOWS\System32\wshbth.dll
0x000000005d0b0000 - 0x000000005d0c1000 	C:\Program Files\Java\jdk1.8.0_25\jre\bin\nio.dll
0x00007ffa4be00000 - 0x00007ffa4bfc9000 	C:\WINDOWS\SYSTEM32\dbghelp.dll

VM Arguments:
jvm_args: -Dfile.encoding=UTF-8 
java_command: org.eclipse.jdt.internal.junit.runner.RemoteTestRunner -version 3 -port 59202 -testLoaderClass org.eclipse.jdt.internal.junit4.runner.JUnit4TestLoader -loaderpluginname org.eclipse.jdt.junit4.runtime -test cn.com.usercenter.elatricsearch.ElTest:testInsert
java_class_path (initial): D:\workspace\usercenterserver\target\test-classes;D:\workspace\usercenterserver\target\classes;D:\software\java\meaven\M2\repository\org\springframework\boot\spring-boot-starter\1.5.9.RELEASE\spring-boot-starter-1.5.9.RELEASE.jar;D:\software\java\meaven\M2\repository\org\springframework\boot\spring-boot\1.5.9.RELEASE\spring-boot-1.5.9.RELEASE.jar;D:\software\java\meaven\M2\repository\org\springframework\boot\spring-boot-autoconfigure\1.5.9.RELEASE\spring-boot-autoconfigure-1.5.9.RELEASE.jar;D:\software\java\meaven\M2\repository\org\springframework\boot\spring-boot-starter-logging\1.5.9.RELEASE\spring-boot-starter-logging-1.5.9.RELEASE.jar;D:\software\java\meaven\M2\repository\ch\qos\logback\logback-classic\1.1.11\logback-classic-1.1.11.jar;D:\software\java\meaven\M2\repository\ch\qos\logback\logback-core\1.1.11\logback-core-1.1.11.jar;D:\software\java\meaven\M2\repository\org\slf4j\jcl-over-slf4j\1.7.25\jcl-over-slf4j-1.7.25.jar;D:\software\java\meaven\M2\repository\org\slf4j\jul-to-slf4j\1.7.25\jul-to-slf4j-1.7.25.jar;D:\software\java\meaven\M2\repository\org\slf4j\log4j-over-slf4j\1.7.25\log4j-over-slf4j-1.7.25.jar;D:\software\java\meaven\M2\repository\org\springframework\spring-core\4.3.13.RELEASE\spring-core-4.3.13.RELEASE.jar;D:\software\java\meaven\M2\repository\org\yaml\snakeyaml\1.17\snakeyaml-1.17.jar;D:\software\java\meaven\M2\repository\org\springframework\boot\spring-boot-starter-web\1.5.9.RELEASE\spring-boot-starter-web-1.5.9.RELEASE.jar;D:\software\java\meaven\M2\repository\org\springframework\boot\spring-boot-starter-tomcat\1.5.9.RELEASE\spring-boot-starter-tomcat-1.5.9.RELEASE.jar;D:\software\java\meaven\M2\repository\org\apache\tomcat\embed\tomcat-embed-core\8.5.23\tomcat-embed-core-8.5.23.jar;D:\software\java\meaven\M2\repository\org\apache\tomcat\tomcat-annotations-api\8.5.23\tomcat-annotations-api-8.5.23.jar;D:\software\java\meaven\M2\repository\org\apache\tomcat\embed\tomcat-embed-el\8.5.23\tomcat-embed-el-8.5.23.jar
Launcher Type: SUN_STANDARD

Environment Variables:
JAVA_HOME=C:\Program Files\Java\jdk1.8.0_25
CLASSPATH=.;C:\Program Files\Java\jdk1.8.0_25\lib\tools.jar;C:\Program Files\Java\jdk1.8.0_25\lib\dt.jar
PATH=C:/Program Files/Java/jre1.8.0_25/bin/server;C:/Program Files/Java/jre1.8.0_25/bin;C:/Program Files/Java/jre1.8.0_25/lib/amd64;C:\Program Files (x86)\Common Files\Oracle\Java\javapath;C:\ProgramData\Oracle\Java\javapath;C:\Program Files\Java\jdk1.8.0_25\bin;D:\software\java\meaven\apache-maven-3.3.3\bin;C:\Program Files (x86)\Intel\iCLS Client\;C:\Program Files\Intel\iCLS Client\;C:\WINDOWS\system32;C:\WINDOWS;C:\WINDOWS\System32\Wbem;C:\WINDOWS\System32\WindowsPowerShell\v1.0\;C:\Program Files (x86)\Intel\Intel(R) Management Engine Components\DAL;C:\Program Files\Intel\Intel(R) Management Engine Components\DAL;C:\Program Files (x86)\Intel\Intel(R) Management Engine Components\IPT;C:\Program Files\Intel\Intel(R) Management Engine Components\IPT;C:\WINDOWS\System32\OpenSSH\;C:\Program Files\Intel\WiFi\bin\;C:\Program Files\Common Files\Intel\WirelessCommon\;D:\software\java\database\mysql-5.7.23-winx64\mysql-5.7.23-winx64\bin;D:\software\java\database\mongodb\mongodb\bin;D:\software\handel\Git\cmd;C:\Users\new\AppData\Local\Microsoft\WindowsApps;;D:\software\handel\ssh;D:\software\java\eclipse\eclipse(1.7)\eclipse;
USERNAME=admin
OS=Windows_NT
PROCESSOR_IDENTIFIER=Intel64 Family 6 Model 142 Stepping 9, GenuineIntel



---------------  S Y S T E M  ---------------

OS: Windows 8.1 , 64 bit Build 9600 

CPU:total 4 (2 cores per cpu, 2 threads per core) family 6 model 142 stepping 9, cmov, cx8, fxsr, mmx, sse, sse2, sse3, ssse3, sse4.1, sse4.2, popcnt, avx, avx2, aes, clmul, erms, lzcnt, ht, tsc, tscinvbit, bmi1, bmi2

Memory: 4k page, physical 8267308k(2244624k free), swap 8267308k(4420k free)

vm_info: Java HotSpot(TM) 64-Bit Server VM (25.25-b02) for windows-amd64 JRE (1.8.0_25-b18), built on Oct  7 2014 14:25:37 by "java_re" with MS VC++ 10.0 (VS2010)

time: Sun Dec 01 16:41:01 2019
elapsed time: 7 seconds (0d 0h 0m 7s)

